<?xml version="1.0" encoding="UTF-8"?>
<!-- Generated by org.testng.reporters.JUnitXMLReporter -->
<testsuite ignored="0" hostname="LAPTOP-MFSCPA7U" failures="0" tests="5" name="Test" time="0.144" errors="0" timestamp="2022-11-15T20:12:56 IST">
  <testcase classname="com.TesNG.Gmaillogin" name="tc_5" time="0.015"/>
  <testcase classname="com.TesNG.PasswardDetails" name="tc_3" time="0.007"/>
  <testcase classname="com.TesNG.PasswardDetails" name="tc_4" time="0.004"/>
  <testcase classname="com.TesNG.Login" name="tc_1" time="0.004"/>
  <testcase classname="com.TesNG.Login" name="tc_2" time="0.006"/>
</testsuite> <!-- Test -->
