<?xml version="1.0" encoding="UTF-8"?>
<testng-results ignored="0" total="2" passed="2" failed="0" skipped="0">
  <reporter-output>
  </reporter-output>
  <suite started-at="2022-11-30T22:00:15 IST" name="Default suite" finished-at="2022-11-30T22:00:15 IST" duration-ms="82">
    <groups>
    </groups>
    <test started-at="2022-11-30T22:00:15 IST" name="Default test" finished-at="2022-11-30T22:00:15 IST" duration-ms="82">
      <class name="com.TesNG.Login">
        <test-method signature="tc_1()[pri:-1, instance:com.TesNG.Login@28f2a10f]" started-at="2022-11-30T22:00:15 IST" name="tc_1" finished-at="2022-11-30T22:00:15 IST" duration-ms="14" status="PASS">
          <reporter-output>
          </reporter-output>
        </test-method> <!-- tc_1 -->
        <test-method signature="tc_2()[pri:1, instance:com.TesNG.Login@28f2a10f]" started-at="2022-11-30T22:00:15 IST" name="tc_2" finished-at="2022-11-30T22:00:15 IST" duration-ms="2" status="PASS">
          <reporter-output>
          </reporter-output>
        </test-method> <!-- tc_2 -->
      </class> <!-- com.TesNG.Login -->
    </test> <!-- Default test -->
  </suite> <!-- Default suite -->
</testng-results>
